  [1m[35m (1913.3ms)[0m  [1m[35mCREATE DATABASE "auth-demo_development" ENCODING = 'unicode'[0m
  ↳ bin/rails:9
  [1m[35m (1269.5ms)[0m  [1m[35mCREATE DATABASE "auth-demo_test" ENCODING = 'unicode'[0m
  ↳ bin/rails:9
  [1m[35m (65.7ms)[0m  [1m[35mCREATE TABLE "schema_migrations" ("version" character varying NOT NULL PRIMARY KEY)[0m
  ↳ bin/rails:9
  [1m[35m (101.6ms)[0m  [1m[35mCREATE TABLE "ar_internal_metadata" ("key" character varying NOT NULL PRIMARY KEY, "value" character varying, "created_at" timestamp NOT NULL, "updated_at" timestamp NOT NULL)[0m
  ↳ bin/rails:9
  [1m[35m (3.8ms)[0m  [1m[34mSELECT pg_try_advisory_lock(3834517943647941165)[0m
  ↳ bin/rails:9
  [1m[35m (6.6ms)[0m  [1m[34mSELECT "schema_migrations"."version" FROM "schema_migrations" ORDER BY "schema_migrations"."version" ASC[0m
  ↳ bin/rails:9
Migrating to CreateUsers (20190726160700)
  [1m[35m (0.2ms)[0m  [1m[35mBEGIN[0m
  ↳ bin/rails:9
  [1m[35m (65.5ms)[0m  [1m[35mCREATE TABLE "users" ("id" bigserial primary key, "usrname" character varying NOT NULL)[0m
  ↳ db/migrate/20190726160700_create_users.rb:3
  [1m[36mActiveRecord::SchemaMigration Create (15.0ms)[0m  [1m[32mINSERT INTO "schema_migrations" ("version") VALUES ($1) RETURNING "version"[0m  [["version", "20190726160700"]]
  ↳ bin/rails:9
  [1m[35m (3.4ms)[0m  [1m[35mCOMMIT[0m
  ↳ bin/rails:9
  [1m[36mActiveRecord::InternalMetadata Load (0.6ms)[0m  [1m[34mSELECT  "ar_internal_metadata".* FROM "ar_internal_metadata" WHERE "ar_internal_metadata"."key" = $1 LIMIT $2[0m  [["key", "environment"], ["LIMIT", 1]]
  ↳ bin/rails:9
  [1m[35m (0.3ms)[0m  [1m[35mBEGIN[0m
  ↳ bin/rails:9
  [1m[36mActiveRecord::InternalMetadata Create (32.2ms)[0m  [1m[32mINSERT INTO "ar_internal_metadata" ("key", "value", "created_at", "updated_at") VALUES ($1, $2, $3, $4) RETURNING "key"[0m  [["key", "environment"], ["value", "development"], ["created_at", "2019-07-26 16:11:49.122973"], ["updated_at", "2019-07-26 16:11:49.122973"]]
  ↳ bin/rails:9
  [1m[35m (2.3ms)[0m  [1m[35mCOMMIT[0m
  ↳ bin/rails:9
  [1m[35m (0.5ms)[0m  [1m[34mSELECT pg_advisory_unlock(3834517943647941165)[0m
  ↳ bin/rails:9
  [1m[35m (0.6ms)[0m  [1m[34mSELECT "schema_migrations"."version" FROM "schema_migrations" ORDER BY "schema_migrations"."version" ASC[0m
  ↳ bin/rails:9
  [1m[35m (0.3ms)[0m  [1m[34mSELECT pg_try_advisory_lock(3834517943647941165)[0m
  ↳ bin/rails:9
  [1m[35m (10.9ms)[0m  [1m[34mSELECT "schema_migrations"."version" FROM "schema_migrations" ORDER BY "schema_migrations"."version" ASC[0m
  ↳ bin/rails:9
Migrating to FixStupidTypo (20190726161213)
  [1m[35m (0.9ms)[0m  [1m[35mBEGIN[0m
  ↳ bin/rails:9
  [1m[35m (51.7ms)[0m  [1m[35mALTER TABLE "users" RENAME COLUMN "usrname" TO "username"[0m
  ↳ db/migrate/20190726161213_fix_stupid_typo.rb:3
  [1m[36mActiveRecord::SchemaMigration Create (0.6ms)[0m  [1m[32mINSERT INTO "schema_migrations" ("version") VALUES ($1) RETURNING "version"[0m  [["version", "20190726161213"]]
  ↳ bin/rails:9
  [1m[35m (7.0ms)[0m  [1m[35mCOMMIT[0m
  ↳ bin/rails:9
  [1m[36mActiveRecord::InternalMetadata Load (46.3ms)[0m  [1m[34mSELECT  "ar_internal_metadata".* FROM "ar_internal_metadata" WHERE "ar_internal_metadata"."key" = $1 LIMIT $2[0m  [["key", "environment"], ["LIMIT", 1]]
  ↳ bin/rails:9
  [1m[35m (0.3ms)[0m  [1m[35mBEGIN[0m
  ↳ bin/rails:9
  [1m[35m (0.2ms)[0m  [1m[35mCOMMIT[0m
  ↳ bin/rails:9
  [1m[35m (0.6ms)[0m  [1m[34mSELECT pg_advisory_unlock(3834517943647941165)[0m
  ↳ bin/rails:9
  [1m[35m (0.3ms)[0m  [1m[34mSELECT "schema_migrations"."version" FROM "schema_migrations" ORDER BY "schema_migrations"."version" ASC[0m
  ↳ bin/rails:9
  [1m[35m (0.3ms)[0m  [1m[34mSELECT pg_try_advisory_lock(3834517943647941165)[0m
  ↳ bin/rails:9
  [1m[35m (45.8ms)[0m  [1m[34mSELECT "schema_migrations"."version" FROM "schema_migrations" ORDER BY "schema_migrations"."version" ASC[0m
  ↳ bin/rails:9
Migrating to AddSessionTokenAndPasswordDigestToUsers (20190726161437)
  [1m[35m (0.2ms)[0m  [1m[35mBEGIN[0m
  ↳ bin/rails:9
  [1m[35m (0.3ms)[0m  [1m[31mROLLBACK[0m
  ↳ bin/rails:9
  [1m[35m (0.3ms)[0m  [1m[34mSELECT pg_advisory_unlock(3834517943647941165)[0m
  ↳ bin/rails:9
  [1m[35m (12.5ms)[0m  [1m[34mSELECT "schema_migrations"."version" FROM "schema_migrations" ORDER BY "schema_migrations"."version" ASC[0m
  ↳ bin/rails:9
  [1m[35m (0.6ms)[0m  [1m[34mSELECT pg_try_advisory_lock(3834517943647941165)[0m
  ↳ bin/rails:9
  [1m[35m (24.2ms)[0m  [1m[34mSELECT "schema_migrations"."version" FROM "schema_migrations" ORDER BY "schema_migrations"."version" ASC[0m
  ↳ bin/rails:9
Migrating to AddSessionTokenAndPasswordDigestToUsers (20190726161437)
  [1m[35m (0.2ms)[0m  [1m[35mBEGIN[0m
  ↳ bin/rails:9
  [1m[35m (63.7ms)[0m  [1m[35mALTER TABLE "users" ADD "session_token" character varying NOT NULL[0m
  ↳ db/migrate/20190726161437_add_session_token_and_password_digest_to_users.rb:3
  [1m[35m (0.3ms)[0m  [1m[31mROLLBACK[0m
  ↳ bin/rails:9
  [1m[35m (0.3ms)[0m  [1m[34mSELECT pg_advisory_unlock(3834517943647941165)[0m
  ↳ bin/rails:9
  [1m[35m (0.2ms)[0m  [1m[34mSELECT pg_try_advisory_lock(3834517943647941165)[0m
  ↳ bin/rails:9
  [1m[35m (45.1ms)[0m  [1m[34mSELECT "schema_migrations"."version" FROM "schema_migrations" ORDER BY "schema_migrations"."version" ASC[0m
  ↳ bin/rails:9
Migrating to AddSessionTokenAndPasswordDigestToUsers (20190726161437)
  [1m[35m (0.3ms)[0m  [1m[35mBEGIN[0m
  ↳ bin/rails:9
  [1m[35m (1.8ms)[0m  [1m[35mALTER TABLE "users" ADD "session_token" character varying NOT NULL[0m
  ↳ db/migrate/20190726161437_add_session_token_and_password_digest_to_users.rb:3
  [1m[35m (0.5ms)[0m  [1m[35mALTER TABLE "users" ADD "password_digest" character varying NOT NULL[0m
  ↳ db/migrate/20190726161437_add_session_token_and_password_digest_to_users.rb:4
  [1m[35m (0.6ms)[0m  [1m[31mROLLBACK[0m
  ↳ bin/rails:9
  [1m[35m (0.8ms)[0m  [1m[34mSELECT pg_advisory_unlock(3834517943647941165)[0m
  ↳ bin/rails:9
  [1m[35m (41.9ms)[0m  [1m[34mSELECT "schema_migrations"."version" FROM "schema_migrations" ORDER BY "schema_migrations"."version" ASC[0m
  ↳ bin/rails:9
  [1m[35m (0.3ms)[0m  [1m[34mSELECT pg_try_advisory_lock(3834517943647941165)[0m
  ↳ bin/rails:9
  [1m[35m (1.5ms)[0m  [1m[34mSELECT "schema_migrations"."version" FROM "schema_migrations" ORDER BY "schema_migrations"."version" ASC[0m
  ↳ bin/rails:9
Migrating to AddSessionTokenAndPasswordDigestToUsers (20190726161437)
  [1m[35m (0.2ms)[0m  [1m[35mBEGIN[0m
  ↳ bin/rails:9
  [1m[35m (1.7ms)[0m  [1m[35mALTER TABLE "users" ADD "session_token" character varying NOT NULL[0m
  ↳ db/migrate/20190726161437_add_session_token_and_password_digest_to_users.rb:3
  [1m[35m (1.1ms)[0m  [1m[35mALTER TABLE "users" ADD "password_digest" character varying NOT NULL[0m
  ↳ db/migrate/20190726161437_add_session_token_and_password_digest_to_users.rb:4
  [1m[35m (21.4ms)[0m  [1m[35mCREATE UNIQUE INDEX  "index_users_on_username" ON "users"  ("username")[0m
  ↳ db/migrate/20190726161437_add_session_token_and_password_digest_to_users.rb:6
  [1m[35m (4.3ms)[0m  [1m[35mCREATE UNIQUE INDEX  "index_users_on_session_token" ON "users"  ("session_token")[0m
  ↳ db/migrate/20190726161437_add_session_token_and_password_digest_to_users.rb:7
  [1m[36mActiveRecord::SchemaMigration Create (22.1ms)[0m  [1m[32mINSERT INTO "schema_migrations" ("version") VALUES ($1) RETURNING "version"[0m  [["version", "20190726161437"]]
  ↳ bin/rails:9
  [1m[35m (7.8ms)[0m  [1m[35mCOMMIT[0m
  ↳ bin/rails:9
  [1m[36mActiveRecord::InternalMetadata Load (0.5ms)[0m  [1m[34mSELECT  "ar_internal_metadata".* FROM "ar_internal_metadata" WHERE "ar_internal_metadata"."key" = $1 LIMIT $2[0m  [["key", "environment"], ["LIMIT", 1]]
  ↳ bin/rails:9
  [1m[35m (0.2ms)[0m  [1m[35mBEGIN[0m
  ↳ bin/rails:9
  [1m[35m (0.2ms)[0m  [1m[35mCOMMIT[0m
  ↳ bin/rails:9
  [1m[35m (0.2ms)[0m  [1m[34mSELECT pg_advisory_unlock(3834517943647941165)[0m
  ↳ bin/rails:9
  [1m[35m (0.7ms)[0m  [1m[34mSELECT "schema_migrations"."version" FROM "schema_migrations" ORDER BY "schema_migrations"."version" ASC[0m
  ↳ bin/rails:9
  [1m[36mUser Load (4.5ms)[0m  [1m[34mSELECT "users".* FROM "users"[0m
  [1m[35m (0.3ms)[0m  [1m[35mBEGIN[0m
  [1m[36mUser Exists (1.5ms)[0m  [1m[34mSELECT  1 AS one FROM "users" WHERE "users"."username" = $1 LIMIT $2[0m  [["username", "Andy"], ["LIMIT", 1]]
  [1m[36mUser Exists (0.5ms)[0m  [1m[34mSELECT  1 AS one FROM "users" WHERE "users"."session_token" IS NULL LIMIT $1[0m  [["LIMIT", 1]]
  [1m[35m (7.9ms)[0m  [1m[31mROLLBACK[0m
  [1m[35m (0.4ms)[0m  [1m[35mBEGIN[0m
  [1m[36mUser Exists (0.4ms)[0m  [1m[34mSELECT  1 AS one FROM "users" WHERE "users"."username" = $1 LIMIT $2[0m  [["username", "Andy"], ["LIMIT", 1]]
  [1m[36mUser Exists (0.4ms)[0m  [1m[34mSELECT  1 AS one FROM "users" WHERE "users"."session_token" = $1 LIMIT $2[0m  [["session_token", "banana"], ["LIMIT", 1]]
  [1m[36mUser Create (46.5ms)[0m  [1m[32mINSERT INTO "users" ("username", "session_token", "password_digest") VALUES ($1, $2, $3) RETURNING "id"[0m  [["username", "Andy"], ["session_token", "banana"], ["password_digest", "split"]]
  [1m[35m (2.5ms)[0m  [1m[35mCOMMIT[0m
  [1m[35m (0.2ms)[0m  [1m[35mBEGIN[0m
  [1m[36mUser Exists (1.0ms)[0m  [1m[34mSELECT  1 AS one FROM "users" WHERE "users"."username" = $1 LIMIT $2[0m  [["username", "Andy"], ["LIMIT", 1]]
  [1m[36mUser Exists (0.8ms)[0m  [1m[34mSELECT  1 AS one FROM "users" WHERE "users"."session_token" = $1 LIMIT $2[0m  [["session_token", "banana"], ["LIMIT", 1]]
  [1m[35m (0.4ms)[0m  [1m[31mROLLBACK[0m
  [1m[36mUser Load (0.9ms)[0m  [1m[34mSELECT "users".* FROM "users"[0m
  [1m[35m (0.2ms)[0m  [1m[35mBEGIN[0m
  [1m[36mUser Destroy (125.4ms)[0m  [1m[31mDELETE FROM "users" WHERE "users"."id" = $1[0m  [["id", 1]]
  [1m[35m (2.8ms)[0m  [1m[35mCOMMIT[0m
  [1m[36mUser Load (0.7ms)[0m  [1m[34mSELECT "users".* FROM "users"[0m
Started GET "/users/new" for ::1 at 2019-07-26 09:41:35 -0700
  [1m[35m (75.8ms)[0m  [1m[34mSELECT "schema_migrations"."version" FROM "schema_migrations" ORDER BY "schema_migrations"."version" ASC[0m
  ↳ /Users/andywynkoop/.rbenv/versions/2.5.0/lib/ruby/gems/2.5.0/gems/activerecord-5.2.3/lib/active_record/log_subscriber.rb:98
Processing by UsersController#new as HTML
  Rendering users/new.html.erb within layouts/application
  Rendered users/new.html.erb within layouts/application (6.9ms)
Completed 200 OK in 1954ms (Views: 1932.5ms | ActiveRecord: 0.0ms)


Started GET "/users/new" for ::1 at 2019-07-26 09:42:01 -0700
Processing by UsersController#new as HTML
  Rendering users/new.html.erb within layouts/application
  Rendered users/new.html.erb within layouts/application (4.1ms)
Completed 200 OK in 135ms (Views: 108.1ms | ActiveRecord: 0.0ms)


Started POST "/users" for ::1 at 2019-07-26 09:42:23 -0700
Processing by UsersController#create as HTML
  Parameters: {"username"=>"andyWynkoop1", "password"=>"[FILTERED]"}
Can't verify CSRF token authenticity.
Completed 422 Unprocessable Entity in 13ms (ActiveRecord: 0.0ms)


  
ActionController::InvalidAuthenticityToken (ActionController::InvalidAuthenticityToken):
  
actionpack (5.2.3) lib/action_controller/metal/request_forgery_protection.rb:211:in `handle_unverified_request'
actionpack (5.2.3) lib/action_controller/metal/request_forgery_protection.rb:243:in `handle_unverified_request'
actionpack (5.2.3) lib/action_controller/metal/request_forgery_protection.rb:238:in `verify_authenticity_token'
activesupport (5.2.3) lib/active_support/callbacks.rb:426:in `block in make_lambda'
activesupport (5.2.3) lib/active_support/callbacks.rb:198:in `block (2 levels) in halting'
actionpack (5.2.3) lib/abstract_controller/callbacks.rb:34:in `block (2 levels) in <module:Callbacks>'
activesupport (5.2.3) lib/active_support/callbacks.rb:199:in `block in halting'
activesupport (5.2.3) lib/active_support/callbacks.rb:513:in `block in invoke_before'
activesupport (5.2.3) lib/active_support/callbacks.rb:513:in `each'
activesupport (5.2.3) lib/active_support/callbacks.rb:513:in `invoke_before'
activesupport (5.2.3) lib/active_support/callbacks.rb:131:in `run_callbacks'
actionpack (5.2.3) lib/abstract_controller/callbacks.rb:41:in `process_action'
actionpack (5.2.3) lib/action_controller/metal/rescue.rb:22:in `process_action'
actionpack (5.2.3) lib/action_controller/metal/instrumentation.rb:34:in `block in process_action'
activesupport (5.2.3) lib/active_support/notifications.rb:168:in `block in instrument'
activesupport (5.2.3) lib/active_support/notifications/instrumenter.rb:23:in `instrument'
activesupport (5.2.3) lib/active_support/notifications.rb:168:in `instrument'
actionpack (5.2.3) lib/action_controller/metal/instrumentation.rb:32:in `process_action'
actionpack (5.2.3) lib/action_controller/metal/params_wrapper.rb:256:in `process_action'
activerecord (5.2.3) lib/active_record/railties/controller_runtime.rb:24:in `process_action'
actionpack (5.2.3) lib/abstract_controller/base.rb:134:in `process'
actionview (5.2.3) lib/action_view/rendering.rb:32:in `process'
actionpack (5.2.3) lib/action_controller/metal.rb:191:in `dispatch'
actionpack (5.2.3) lib/action_controller/metal.rb:252:in `dispatch'
actionpack (5.2.3) lib/action_dispatch/routing/route_set.rb:52:in `dispatch'
actionpack (5.2.3) lib/action_dispatch/routing/route_set.rb:34:in `serve'
actionpack (5.2.3) lib/action_dispatch/journey/router.rb:52:in `block in serve'
actionpack (5.2.3) lib/action_dispatch/journey/router.rb:35:in `each'
actionpack (5.2.3) lib/action_dispatch/journey/router.rb:35:in `serve'
actionpack (5.2.3) lib/action_dispatch/routing/route_set.rb:840:in `call'
rack (2.0.7) lib/rack/tempfile_reaper.rb:15:in `call'
rack (2.0.7) lib/rack/etag.rb:25:in `call'
rack (2.0.7) lib/rack/conditional_get.rb:38:in `call'
rack (2.0.7) lib/rack/head.rb:12:in `call'
actionpack (5.2.3) lib/action_dispatch/http/content_security_policy.rb:18:in `call'
rack (2.0.7) lib/rack/session/abstract/id.rb:232:in `context'
rack (2.0.7) lib/rack/session/abstract/id.rb:226:in `call'
actionpack (5.2.3) lib/action_dispatch/middleware/cookies.rb:670:in `call'
activerecord (5.2.3) lib/active_record/migration.rb:559:in `call'
actionpack (5.2.3) lib/action_dispatch/middleware/callbacks.rb:28:in `block in call'
activesupport (5.2.3) lib/active_support/callbacks.rb:98:in `run_callbacks'
actionpack (5.2.3) lib/action_dispatch/middleware/callbacks.rb:26:in `call'
actionpack (5.2.3) lib/action_dispatch/middleware/executor.rb:14:in `call'
actionpack (5.2.3) lib/action_dispatch/middleware/debug_exceptions.rb:61:in `call'
web-console (3.7.0) lib/web_console/middleware.rb:135:in `call_app'
web-console (3.7.0) lib/web_console/middleware.rb:30:in `block in call'
web-console (3.7.0) lib/web_console/middleware.rb:20:in `catch'
web-console (3.7.0) lib/web_console/middleware.rb:20:in `call'
actionpack (5.2.3) lib/action_dispatch/middleware/show_exceptions.rb:33:in `call'
railties (5.2.3) lib/rails/rack/logger.rb:38:in `call_app'
railties (5.2.3) lib/rails/rack/logger.rb:26:in `block in call'
activesupport (5.2.3) lib/active_support/tagged_logging.rb:71:in `block in tagged'
activesupport (5.2.3) lib/active_support/tagged_logging.rb:28:in `tagged'
activesupport (5.2.3) lib/active_support/tagged_logging.rb:71:in `tagged'
railties (5.2.3) lib/rails/rack/logger.rb:26:in `call'
sprockets-rails (3.2.1) lib/sprockets/rails/quiet_assets.rb:13:in `call'
actionpack (5.2.3) lib/action_dispatch/middleware/remote_ip.rb:81:in `call'
actionpack (5.2.3) lib/action_dispatch/middleware/request_id.rb:27:in `call'
rack (2.0.7) lib/rack/method_override.rb:22:in `call'
rack (2.0.7) lib/rack/runtime.rb:22:in `call'
activesupport (5.2.3) lib/active_support/cache/strategy/local_cache_middleware.rb:29:in `call'
actionpack (5.2.3) lib/action_dispatch/middleware/executor.rb:14:in `call'
actionpack (5.2.3) lib/action_dispatch/middleware/static.rb:127:in `call'
rack (2.0.7) lib/rack/sendfile.rb:111:in `call'
railties (5.2.3) lib/rails/engine.rb:524:in `call'
puma (3.12.1) lib/puma/configuration.rb:227:in `call'
puma (3.12.1) lib/puma/server.rb:660:in `handle_request'
puma (3.12.1) lib/puma/server.rb:474:in `process_client'
puma (3.12.1) lib/puma/server.rb:334:in `block in run'
puma (3.12.1) lib/puma/thread_pool.rb:135:in `block in spawn_thread'
Started GET "/users/new" for ::1 at 2019-07-26 09:45:07 -0700
Processing by UsersController#new as HTML
  Rendering users/new.html.erb within layouts/application
  Rendered users/new.html.erb within layouts/application (5.8ms)
Completed 200 OK in 166ms (Views: 146.6ms | ActiveRecord: 0.0ms)


Started POST "/users" for ::1 at 2019-07-26 09:45:12 -0700
Processing by UsersController#create as HTML
  Parameters: {"authenticity_token"=>"Vuqe7U1OipHF8VNTXYGyf9ssj8n2qXm3Hg9AUm0AnTKbEgdKCE9EWt0slnERAHBZwFShWdyJh8PdevR9aK5sCQ==", "username"=>"andyWynkoop1", "password"=>"[FILTERED]"}
No template found for UsersController#create, rendering head :no_content
Completed 204 No Content in 135ms (ActiveRecord: 0.0ms)


Started POST "/users" for ::1 at 2019-07-26 09:45:16 -0700
Processing by UsersController#create as HTML
  Parameters: {"authenticity_token"=>"Vuqe7U1OipHF8VNTXYGyf9ssj8n2qXm3Hg9AUm0AnTKbEgdKCE9EWt0slnERAHBZwFShWdyJh8PdevR9aK5sCQ==", "username"=>"andyWynkoop1", "password"=>"[FILTERED]"}
No template found for UsersController#create, rendering head :no_content
Completed 204 No Content in 147ms (ActiveRecord: 0.0ms)


Started POST "/users" for ::1 at 2019-07-26 09:45:26 -0700
Processing by UsersController#create as HTML
  Parameters: {"authenticity_token"=>"Vuqe7U1OipHF8VNTXYGyf9ssj8n2qXm3Hg9AUm0AnTKbEgdKCE9EWt0slnERAHBZwFShWdyJh8PdevR9aK5sCQ==", "username"=>"andyWynkoop1", "password"=>"[FILTERED]"}
No template found for UsersController#create, rendering head :no_content
Completed 204 No Content in 160ms (ActiveRecord: 0.0ms)


Started GET "/" for ::1 at 2019-07-26 09:45:46 -0700
Processing by Rails::WelcomeController#index as HTML
  Rendering /Users/andywynkoop/.rbenv/versions/2.5.0/lib/ruby/gems/2.5.0/gems/railties-5.2.3/lib/rails/templates/rails/welcome/index.html.erb
  Rendered /Users/andywynkoop/.rbenv/versions/2.5.0/lib/ruby/gems/2.5.0/gems/railties-5.2.3/lib/rails/templates/rails/welcome/index.html.erb (5.3ms)
Completed 200 OK in 39ms (Views: 14.7ms | ActiveRecord: 0.0ms)


Started GET "/users/new" for ::1 at 2019-07-26 09:45:51 -0700
Processing by UsersController#new as HTML
  Rendering users/new.html.erb within layouts/application
  Rendered users/new.html.erb within layouts/application (1.0ms)
Completed 200 OK in 114ms (Views: 102.9ms | ActiveRecord: 0.0ms)


Started POST "/users" for ::1 at 2019-07-26 09:45:56 -0700
Processing by UsersController#create as HTML
  Parameters: {"authenticity_token"=>"N4IXn0bI0VS4DhHUvCIs2mGUcBMigYrpH/JqRPGteC/6eo44A8kfn6DT1Pbwo+78euxegwihdJ3ch95r9AOJFA==", "username"=>"andyWynkoop1", "password"=>"[FILTERED]"}
No template found for UsersController#create, rendering head :no_content
Completed 204 No Content in 150ms (ActiveRecord: 0.0ms)


Started POST "/users" for ::1 at 2019-07-26 09:45:59 -0700
Processing by UsersController#create as HTML
  Parameters: {"authenticity_token"=>"N4IXn0bI0VS4DhHUvCIs2mGUcBMigYrpH/JqRPGteC/6eo44A8kfn6DT1Pbwo+78euxegwihdJ3ch95r9AOJFA==", "username"=>"andyWynkoop1", "password"=>"[FILTERED]"}
No template found for UsersController#create, rendering head :no_content
Completed 204 No Content in 162ms (ActiveRecord: 0.0ms)


Started POST "/users" for ::1 at 2019-07-26 09:46:56 -0700
Processing by UsersController#create as HTML
  Parameters: {"authenticity_token"=>"N4IXn0bI0VS4DhHUvCIs2mGUcBMigYrpH/JqRPGteC/6eo44A8kfn6DT1Pbwo+78euxegwihdJ3ch95r9AOJFA==", "username"=>"andyWynkoop1", "password"=>"[FILTERED]"}
No template found for UsersController#create, rendering head :no_content
Completed 204 No Content in 147ms (ActiveRecord: 0.0ms)


Started POST "/users" for ::1 at 2019-07-26 09:46:59 -0700
Processing by UsersController#create as HTML
  Parameters: {"authenticity_token"=>"N4IXn0bI0VS4DhHUvCIs2mGUcBMigYrpH/JqRPGteC/6eo44A8kfn6DT1Pbwo+78euxegwihdJ3ch95r9AOJFA==", "username"=>"andyWynkoop1", "password"=>"[FILTERED]"}
No template found for UsersController#create, rendering head :no_content
Completed 204 No Content in 130ms (ActiveRecord: 0.0ms)


Started POST "/users" for ::1 at 2019-07-26 09:47:01 -0700
Processing by UsersController#create as HTML
  Parameters: {"authenticity_token"=>"N4IXn0bI0VS4DhHUvCIs2mGUcBMigYrpH/JqRPGteC/6eo44A8kfn6DT1Pbwo+78euxegwihdJ3ch95r9AOJFA==", "username"=>"andyWynkoop1", "password"=>"[FILTERED]"}
No template found for UsersController#create, rendering head :no_content
Completed 204 No Content in 122ms (ActiveRecord: 0.0ms)


Started GET "/users/new" for ::1 at 2019-07-26 09:47:41 -0700
Processing by UsersController#new as HTML
  Rendering users/new.html.erb within layouts/application
  Rendered users/new.html.erb within layouts/application (5.7ms)
Completed 200 OK in 157ms (Views: 141.6ms | ActiveRecord: 0.0ms)


Started POST "/users" for ::1 at 2019-07-26 09:47:47 -0700
Processing by UsersController#create as HTML
  Parameters: {"authenticity_token"=>"pWw7/V3zfijyVWwc+2i/c+NTQigKiswYavBqptyVamZolKJaGPKw4+qIqT636X1V+CtsuCCqMmyphd6J2TubXQ==", "username"=>"andyWynkoop1", "password"=>"[FILTERED]"}
No template found for UsersController#create, rendering head :no_content
Completed 204 No Content in 143ms (ActiveRecord: 0.0ms)


Started POST "/users" for ::1 at 2019-07-26 09:47:49 -0700
Processing by UsersController#create as HTML
  Parameters: {"authenticity_token"=>"pWw7/V3zfijyVWwc+2i/c+NTQigKiswYavBqptyVamZolKJaGPKw4+qIqT636X1V+CtsuCCqMmyphd6J2TubXQ==", "username"=>"andyWynkoop1", "password"=>"[FILTERED]"}
No template found for UsersController#create, rendering head :no_content
Completed 204 No Content in 134ms (ActiveRecord: 0.0ms)


Started GET "/users/new" for ::1 at 2019-07-26 09:48:23 -0700
  [1m[35m (43.2ms)[0m  [1m[34mSELECT "schema_migrations"."version" FROM "schema_migrations" ORDER BY "schema_migrations"."version" ASC[0m
  ↳ /Users/andywynkoop/.rbenv/versions/2.5.0/lib/ruby/gems/2.5.0/gems/activerecord-5.2.3/lib/active_record/log_subscriber.rb:98
Processing by UsersController#new as HTML
  Rendering users/new.html.erb within layouts/application
  Rendered users/new.html.erb within layouts/application (4.0ms)
Completed 200 OK in 485ms (Views: 469.9ms | ActiveRecord: 0.0ms)


Started POST "/users" for ::1 at 2019-07-26 09:48:28 -0700
Processing by UsersController#create as HTML
  Parameters: {"authenticity_token"=>"GkeUzSFnKp2PjxM3CJgavwR3//0x9IiF9CaJoIiXQXTXvw1qZGbkVpdS1hVEGdiZHw/RbRvUdvE3Uz2PjTmwTw==", "username"=>"andyWynkoop1", "password"=>"[FILTERED]"}
No template found for UsersController#create, rendering head :no_content
Completed 204 No Content in 123ms (ActiveRecord: 0.0ms)


Started POST "/users" for ::1 at 2019-07-26 09:48:31 -0700
Processing by UsersController#create as HTML
  Parameters: {"authenticity_token"=>"GkeUzSFnKp2PjxM3CJgavwR3//0x9IiF9CaJoIiXQXTXvw1qZGbkVpdS1hVEGdiZHw/RbRvUdvE3Uz2PjTmwTw==", "username"=>"andyWynkoop1", "password"=>"[FILTERED]"}
No template found for UsersController#create, rendering head :no_content
Completed 204 No Content in 116ms (ActiveRecord: 0.0ms)


Started POST "/users" for ::1 at 2019-07-26 09:49:44 -0700
Processing by UsersController#create as HTML
  Parameters: {"authenticity_token"=>"GkeUzSFnKp2PjxM3CJgavwR3//0x9IiF9CaJoIiXQXTXvw1qZGbkVpdS1hVEGdiZHw/RbRvUdvE3Uz2PjTmwTw==", "username"=>"andyWynkoop1", "password"=>"[FILTERED]"}
Completed 200 OK in 87118ms (Views: 15.1ms | ActiveRecord: 0.0ms)


Started GET "/users/new" for ::1 at 2019-07-26 09:52:16 -0700
Processing by UsersController#new as HTML
  Rendering users/new.html.erb within layouts/application
  Rendered users/new.html.erb within layouts/application (14.4ms)
Completed 200 OK in 169ms (Views: 137.7ms | ActiveRecord: 0.0ms)


Started POST "/users" for ::1 at 2019-07-26 09:52:20 -0700
Processing by UsersController#create as HTML
  Parameters: {"authenticity_token"=>"lNfHEh/07kRr1UJIXVybUjNAnQw5rmckvVKKSkkK8ntZL161WvUgj3MIh2oR3Vl0KDiznBOOmVB+Jz5lTKQDQA==", "user"=>{"username"=>"andy", "password"=>"[FILTERED]"}}
Completed 200 OK in 111742ms (Views: 14.1ms | ActiveRecord: 0.0ms)


Started POST "/users" for ::1 at 2019-07-26 09:54:19 -0700
Processing by UsersController#create as HTML
  Parameters: {"authenticity_token"=>"lNfHEh/07kRr1UJIXVybUjNAnQw5rmckvVKKSkkK8ntZL161WvUgj3MIh2oR3Vl0KDiznBOOmVB+Jz5lTKQDQA==", "user"=>{"username"=>"andy", "password"=>"[FILTERED]"}}
Completed 500 Internal Server Error in 38ms (ActiveRecord: 13.7ms)


  
ActiveModel::ForbiddenAttributesError (ActiveModel::ForbiddenAttributesError):
  
app/controllers/users_controller.rb:6:in `create'
Started GET "/users/new" for ::1 at 2019-07-26 09:58:41 -0700
Processing by UsersController#new as HTML
  Rendering users/new.html.erb within layouts/application
  Rendered users/new.html.erb within layouts/application (6.7ms)
Completed 200 OK in 192ms (Views: 165.0ms | ActiveRecord: 0.0ms)


Started POST "/users" for ::1 at 2019-07-26 09:58:46 -0700
Processing by UsersController#create as HTML
  Parameters: {"authenticity_token"=>"9o0p3ewnswRRbSa09iletBIyWn9RMYUN3GFvwICStx07dbB6qSZ9z0mw45a6qJySCUp073sRe3kfFNvvhTxGJg==", "user"=>{"username"=>"andy", "password"=>"[FILTERED]"}}
Completed 500 Internal Server Error in 44ms (ActiveRecord: 12.8ms)


  
ActiveModel::UnknownAttributeError (unknown attribute 'password' for User.):
  
app/controllers/users_controller.rb:6:in `create'
  [1m[36mUser Exists (1.4ms)[0m  [1m[34mSELECT  1 AS one FROM "users" WHERE "users"."username" = $1 LIMIT $2[0m  [["username", "Bill"], ["LIMIT", 1]]
  [1m[36mUser Exists (0.6ms)[0m  [1m[34mSELECT  1 AS one FROM "users" WHERE "users"."session_token" = $1 LIMIT $2[0m  [["session_token", "X"], ["LIMIT", 1]]
  [1m[36mUser Exists (13.3ms)[0m  [1m[34mSELECT  1 AS one FROM "users" WHERE "users"."username" = $1 LIMIT $2[0m  [["username", "Bill"], ["LIMIT", 1]]
  [1m[36mUser Exists (2.1ms)[0m  [1m[34mSELECT  1 AS one FROM "users" WHERE "users"."session_token" = $1 LIMIT $2[0m  [["session_token", "X"], ["LIMIT", 1]]
  [1m[36mUser Exists (0.4ms)[0m  [1m[34mSELECT  1 AS one FROM "users" WHERE "users"."username" = $1 LIMIT $2[0m  [["username", "Bill"], ["LIMIT", 1]]
  [1m[36mUser Exists (0.4ms)[0m  [1m[34mSELECT  1 AS one FROM "users" WHERE "users"."session_token" = $1 LIMIT $2[0m  [["session_token", "X"], ["LIMIT", 1]]
Started GET "/users/new" for ::1 at 2019-07-26 10:13:27 -0700
Processing by UsersController#new as HTML
  Rendering users/new.html.erb within layouts/application
  Rendered users/new.html.erb within layouts/application (6.2ms)
Completed 200 OK in 158ms (Views: 136.2ms | ActiveRecord: 0.0ms)


Started POST "/users" for ::1 at 2019-07-26 10:14:07 -0700
Processing by UsersController#create as HTML
  Parameters: {"authenticity_token"=>"3VDnsE9d1NYFSNmQXJm3rz+4KeLfwjgCNVRO0yXNP88QqH4XClwaHR2VHLIQGHWJJMAHcvXixnb2Ifr8IGPO9A==", "user"=>{"username"=>"andy", "password"=>"[FILTERED]"}}
  [1m[36mUser Exists (4.4ms)[0m  [1m[34mSELECT  1 AS one FROM "users" WHERE "users"."username" = $1 LIMIT $2[0m  [["username", "andy"], ["LIMIT", 1]]
  ↳ (byebug):1
  [1m[36mUser Exists (40.7ms)[0m  [1m[34mSELECT  1 AS one FROM "users" WHERE "users"."session_token" IS NULL LIMIT $1[0m  [["LIMIT", 1]]
  ↳ (byebug):1
Completed 500 Internal Server Error in 160346ms (ActiveRecord: 57.6ms)


  
NameError (undefined local variable or method `user' for #<UsersController:0x00007f8dabd0cc18>
Did you mean?  @user):
  
app/controllers/users_controller.rb:10:in `create'
Started GET "/users/new" for ::1 at 2019-07-26 10:16:57 -0700
Processing by UsersController#new as HTML
  Rendering users/new.html.erb within layouts/application
  Rendered users/new.html.erb within layouts/application (1.1ms)
Completed 200 OK in 78ms (Views: 72.8ms | ActiveRecord: 0.0ms)


Started POST "/users" for ::1 at 2019-07-26 10:17:02 -0700
Processing by UsersController#create as HTML
  Parameters: {"authenticity_token"=>"MiXJY+kEsTkJk872f/Kofp5oChrvutXsIyXf11V8H/v/3VDErAV/8hFOC9Qzc2pYhRAkisWaK5jgUGv4UNLuwA==", "user"=>{"username"=>"andy", "password"=>"[FILTERED]"}}
  [1m[36mUser Exists (1.0ms)[0m  [1m[34mSELECT  1 AS one FROM "users" WHERE "users"."username" = $1 LIMIT $2[0m  [["username", "andy"], ["LIMIT", 1]]
  ↳ (byebug):1
  [1m[36mUser Exists (12.3ms)[0m  [1m[34mSELECT  1 AS one FROM "users" WHERE "users"."session_token" IS NULL LIMIT $1[0m  [["LIMIT", 1]]
  ↳ (byebug):1
  [1m[36mCACHE User Exists (0.0ms)[0m  [1m[34mSELECT  1 AS one FROM "users" WHERE "users"."username" = $1 LIMIT $2[0m  [["username", "andy"], ["LIMIT", 1]]
  ↳ (byebug):1
  [1m[36mUser Exists (7.5ms)[0m  [1m[34mSELECT  1 AS one FROM "users" WHERE "users"."session_token" = $1 LIMIT $2[0m  [["session_token", "isTvEhltsi7jMExT0qq2_w"], ["LIMIT", 1]]
  ↳ (byebug):1
Completed 500 Internal Server Error in 95612ms (ActiveRecord: 30.0ms)


  
NameError (undefined local variable or method `user' for #<UsersController:0x00007f8db00202e8>
Did you mean?  @user):
  
app/controllers/users_controller.rb:10:in `create'
Started POST "/users" for ::1 at 2019-07-26 10:18:45 -0700
Processing by UsersController#create as HTML
  Parameters: {"authenticity_token"=>"MiXJY+kEsTkJk872f/Kofp5oChrvutXsIyXf11V8H/v/3VDErAV/8hFOC9Qzc2pYhRAkisWaK5jgUGv4UNLuwA==", "user"=>{"username"=>"andy", "password"=>"[FILTERED]"}}
  [1m[36mUser Exists (0.9ms)[0m  [1m[34mSELECT  1 AS one FROM "users" WHERE "users"."username" = $1 LIMIT $2[0m  [["username", "andy"], ["LIMIT", 1]]
  ↳ (byebug):1
  [1m[36mUser Exists (1.5ms)[0m  [1m[34mSELECT  1 AS one FROM "users" WHERE "users"."session_token" = $1 LIMIT $2[0m  [["session_token", "kLxgBiIC0cANfH-INrOztA"], ["LIMIT", 1]]
  ↳ (byebug):1
Completed 500 Internal Server Error in 506699ms (ActiveRecord: 10.0ms)


  
NameError (undefined local variable or method `user' for #<UsersController:0x00007f8daf622098>
Did you mean?  @user):
  
app/controllers/users_controller.rb:10:in `create'
Started GET "/session/new" for ::1 at 2019-07-26 10:30:29 -0700
Processing by SessionsController#new as HTML
  Rendering sessions/new.html.erb within layouts/application
  Rendered sessions/new.html.erb within layouts/application (3.1ms)
Completed 200 OK in 136ms (Views: 120.5ms | ActiveRecord: 0.0ms)


Started POST "/session" for ::1 at 2019-07-26 10:30:53 -0700
Processing by SessionsController#create as HTML
  Parameters: {"authenticity_token"=>"CXriQw1RCUn3jZXBISp8t19xGd+GolCO7glVT+xJJDTEgnvkSFDHgu9QUONtq76RRAk3T6yCrvotfOFg6efVDw==", "user"=>{"username"=>"Oswaldo Sanford", "password"=>"[FILTERED]"}}
No template found for SessionsController#create, rendering head :no_content
Completed 204 No Content in 20254ms (ActiveRecord: 0.0ms)


  [1m[36mUser Load (1.2ms)[0m  [1m[34mSELECT "users".* FROM "users"[0m
  [1m[35m (0.5ms)[0m  [1m[35mBEGIN[0m
  [1m[36mUser Exists (0.5ms)[0m  [1m[34mSELECT  1 AS one FROM "users" WHERE "users"."username" = $1 LIMIT $2[0m  [["username", "Trevor"], ["LIMIT", 1]]
  [1m[36mUser Exists (0.4ms)[0m  [1m[34mSELECT  1 AS one FROM "users" WHERE "users"."session_token" = $1 LIMIT $2[0m  [["session_token", "2VTpnhykM7dsWX3spXcRaw"], ["LIMIT", 1]]
  [1m[36mUser Create (54.5ms)[0m  [1m[32mINSERT INTO "users" ("username", "session_token", "password_digest") VALUES ($1, $2, $3) RETURNING "id"[0m  [["username", "Trevor"], ["session_token", "2VTpnhykM7dsWX3spXcRaw"], ["password_digest", "$2a$12$qP70vpK.kiWYcqb66jCy7eDjHo6gGNvDGnfTJfrBi64fdJTpw773q"]]
  [1m[35m (3.1ms)[0m  [1m[35mCOMMIT[0m
  [1m[36mUser Load (0.5ms)[0m  [1m[34mSELECT  "users".* FROM "users" WHERE "users"."username" = $1 LIMIT $2[0m  [["username", "Trevor"], ["LIMIT", 1]]
  [1m[36mUser Load (0.4ms)[0m  [1m[34mSELECT  "users".* FROM "users" WHERE "users"."username" = $1 LIMIT $2[0m  [["username", "Trevor"], ["LIMIT", 1]]
Started POST "/session" for ::1 at 2019-07-26 10:45:03 -0700
Processing by SessionsController#create as HTML
  Parameters: {"authenticity_token"=>"CXriQw1RCUn3jZXBISp8t19xGd+GolCO7glVT+xJJDTEgnvkSFDHgu9QUONtq76RRAk3T6yCrvotfOFg6efVDw==", "user"=>{"username"=>"Trevor", "password"=>"[FILTERED]"}}
  [1m[36mUser Load (0.7ms)[0m  [1m[34mSELECT  "users".* FROM "users" WHERE "users"."username" IS NULL LIMIT $1[0m  [["LIMIT", 1]]
  ↳ app/models/user.rb:27
No template found for SessionsController#create, rendering head :no_content
Completed 204 No Content in 80807ms (ActiveRecord: 7.0ms)


Started POST "/session" for ::1 at 2019-07-26 10:46:27 -0700
Processing by SessionsController#create as HTML
  Parameters: {"authenticity_token"=>"CXriQw1RCUn3jZXBISp8t19xGd+GolCO7glVT+xJJDTEgnvkSFDHgu9QUONtq76RRAk3T6yCrvotfOFg6efVDw==", "user"=>{"username"=>"Trevor", "password"=>"[FILTERED]"}}
  [1m[36mUser Load (0.5ms)[0m  [1m[34mSELECT  "users".* FROM "users" WHERE "users"."username" = $1 LIMIT $2[0m  [["username", "Trevor"], ["LIMIT", 1]]
  ↳ app/models/user.rb:27
No template found for SessionsController#create, rendering head :no_content
Completed 204 No Content in 75898ms (ActiveRecord: 10.2ms)


Started POST "/session" for ::1 at 2019-07-26 11:03:05 -0700
Processing by SessionsController#create as HTML
  Parameters: {"authenticity_token"=>"CXriQw1RCUn3jZXBISp8t19xGd+GolCO7glVT+xJJDTEgnvkSFDHgu9QUONtq76RRAk3T6yCrvotfOFg6efVDw==", "user"=>{"username"=>"Trevor", "password"=>"[FILTERED]"}}
  [1m[36mUser Load (0.8ms)[0m  [1m[34mSELECT  "users".* FROM "users" WHERE "users"."username" = $1 LIMIT $2[0m  [["username", "Trevor"], ["LIMIT", 1]]
  ↳ app/models/user.rb:27
Completed 500 Internal Server Error in 52367ms (ActiveRecord: 13.7ms)


  
NameError (undefined local variable or method `user' for #<SessionsController:0x00007f8daf5c6900>
Did you mean?  @user):
  
app/controllers/sessions_controller.rb:10:in `create'
Started POST "/session" for ::1 at 2019-07-26 11:04:29 -0700
Processing by SessionsController#create as HTML
  Parameters: {"authenticity_token"=>"CXriQw1RCUn3jZXBISp8t19xGd+GolCO7glVT+xJJDTEgnvkSFDHgu9QUONtq76RRAk3T6yCrvotfOFg6efVDw==", "user"=>{"username"=>"Trevor", "password"=>"[FILTERED]"}}
  [1m[36mUser Load (2.6ms)[0m  [1m[34mSELECT  "users".* FROM "users" WHERE "users"."username" = $1 LIMIT $2[0m  [["username", "Trevor"], ["LIMIT", 1]]
  ↳ app/models/user.rb:27
  [1m[36mUser Load (42.3ms)[0m  [1m[34mSELECT  "users".* FROM "users" WHERE "users"."session_token" = $1 LIMIT $2[0m  [["session_token", "2VTpnhykM7dsWX3spXcRaw"], ["LIMIT", 1]]
  ↳ app/controllers/application_controller.rb:15
Completed 200 OK in 91783ms (Views: 1.5ms | ActiveRecord: 54.5ms)


Started GET "/session/new" for ::1 at 2019-07-26 11:06:21 -0700
Processing by SessionsController#new as HTML
  [1m[36mUser Load (1.0ms)[0m  [1m[34mSELECT  "users".* FROM "users" WHERE "users"."session_token" = $1 LIMIT $2[0m  [["session_token", "2VTpnhykM7dsWX3spXcRaw"], ["LIMIT", 1]]
  ↳ app/controllers/application_controller.rb:15
  [1m[36mCACHE User Load (0.0ms)[0m  [1m[34mSELECT  "users".* FROM "users" WHERE "users"."session_token" = $1 LIMIT $2[0m  [["session_token", "2VTpnhykM7dsWX3spXcRaw"], ["LIMIT", 1]]
  ↳ app/controllers/application_controller.rb:15
  [1m[36mCACHE User Load (0.1ms)[0m  [1m[34mSELECT  "users".* FROM "users" WHERE "users"."session_token" = $1 LIMIT $2[0m  [["session_token", "2VTpnhykM7dsWX3spXcRaw"], ["LIMIT", 1]]
  ↳ app/controllers/application_controller.rb:15
  [1m[36mCACHE User Load (0.0ms)[0m  [1m[34mSELECT  "users".* FROM "users" WHERE "users"."session_token" = $1 LIMIT $2[0m  [["session_token", "2VTpnhykM7dsWX3spXcRaw"], ["LIMIT", 1]]
  ↳ app/controllers/application_controller.rb:15
  [1m[36mCACHE User Load (0.0ms)[0m  [1m[34mSELECT  "users".* FROM "users" WHERE "users"."session_token" = $1 LIMIT $2[0m  [["session_token", "2VTpnhykM7dsWX3spXcRaw"], ["LIMIT", 1]]
  ↳ app/controllers/application_controller.rb:15
  [1m[36mCACHE User Load (0.0ms)[0m  [1m[34mSELECT  "users".* FROM "users" WHERE "users"."session_token" = $1 LIMIT $2[0m  [["session_token", "2VTpnhykM7dsWX3spXcRaw"], ["LIMIT", 1]]
  ↳ app/controllers/application_controller.rb:15
  [1m[36mCACHE User Load (0.1ms)[0m  [1m[34mSELECT  "users".* FROM "users" WHERE "users"."session_token" = $1 LIMIT $2[0m  [["session_token", "2VTpnhykM7dsWX3spXcRaw"], ["LIMIT", 1]]
  ↳ app/controllers/application_controller.rb:15
  [1m[36mCACHE User Load (0.0ms)[0m  [1m[34mSELECT  "users".* FROM "users" WHERE "users"."session_token" = $1 LIMIT $2[0m  [["session_token", "2VTpnhykM7dsWX3spXcRaw"], ["LIMIT", 1]]
  ↳ app/controllers/application_controller.rb:15
  [1m[36mCACHE User Load (0.0ms)[0m  [1m[34mSELECT  "users".* FROM "users" WHERE "users"."session_token" = $1 LIMIT $2[0m  [["session_token", "2VTpnhykM7dsWX3spXcRaw"], ["LIMIT", 1]]
  ↳ app/controllers/application_controller.rb:15
  [1m[36mCACHE User Load (0.0ms)[0m  [1m[34mSELECT  "users".* FROM "users" WHERE "users"."session_token" = $1 LIMIT $2[0m  [["session_token", "2VTpnhykM7dsWX3spXcRaw"], ["LIMIT", 1]]
  ↳ app/controllers/application_controller.rb:15
  [1m[36mCACHE User Load (0.0ms)[0m  [1m[34mSELECT  "users".* FROM "users" WHERE "users"."session_token" = $1 LIMIT $2[0m  [["session_token", "2VTpnhykM7dsWX3spXcRaw"], ["LIMIT", 1]]
  ↳ app/controllers/application_controller.rb:15
  [1m[36mCACHE User Load (0.0ms)[0m  [1m[34mSELECT  "users".* FROM "users" WHERE "users"."session_token" = $1 LIMIT $2[0m  [["session_token", "2VTpnhykM7dsWX3spXcRaw"], ["LIMIT", 1]]
  ↳ app/controllers/application_controller.rb:15
  [1m[36mCACHE User Load (0.1ms)[0m  [1m[34mSELECT  "users".* FROM "users" WHERE "users"."session_token" = $1 LIMIT $2[0m  [["session_token", "2VTpnhykM7dsWX3spXcRaw"], ["LIMIT", 1]]
  ↳ app/controllers/application_controller.rb:15
  Rendering sessions/new.html.erb within layouts/application
  Rendered sessions/new.html.erb within layouts/application (1.9ms)
Completed 200 OK in 159589ms (Views: 105.5ms | ActiveRecord: 23.4ms)


Started GET "/session/new" for ::1 at 2019-07-26 11:09:07 -0700
Processing by SessionsController#new as HTML
  [1m[36mUser Load (0.5ms)[0m  [1m[34mSELECT  "users".* FROM "users" WHERE "users"."session_token" = $1 LIMIT $2[0m  [["session_token", "2VTpnhykM7dsWX3spXcRaw"], ["LIMIT", 1]]
  ↳ app/controllers/application_controller.rb:15
  Rendering sessions/new.html.erb within layouts/application
  Rendered sessions/new.html.erb within layouts/application (17.1ms)
Completed 200 OK in 390032ms (Views: 257.2ms | ActiveRecord: 11.0ms)


